<?xml version="1.0" encoding="UTF-8"?>
<!-- Generated by org.testng.reporters.JUnitXMLReporter -->
<testsuite ignored="0" hostname="WINDOWS-1Q1O6H7" failures="0" tests="11" name="Test" time="9.474" errors="0" timestamp="2022-09-24T16:46:45 IST">
  <testcase classname="com.ReqresProject1.reqresProjectfrom_Postman.TC_1_getTheDataOPage_2" name="setTheParameter" time="4.085"/>
  <testcase classname="com.ReqresProject1.reqresProjectfrom_Postman.TC_1_getTheDataOPage_2" name="getTheStatusAndprintIt" time="0.273"/>
  <testcase classname="com.ReqresProject1.reqresProjectfrom_Postman.TC_1_getTheDataOPage_2" name="getThetime_andThatShouldBelow2000" time="0.223"/>
  <testcase classname="com.ReqresProject1.reqresProjectfrom_Postman.TC_1_getTheDataOPage_2" name="Validate_the_Header" time="0.282"/>
  <testcase classname="com.ReqresProject1.reqresProjectfrom_Postman.TC_1_getTheDataOPage_2" name="getTheOneOfTheStatusCode" time="0.182"/>
  <testcase classname="com.ReqresProject1.reqresProjectfrom_Postman.TC_1_getTheDataOPage_2" name="validateThePage2" time="1.744"/>
  <testcase classname="com.ReqresProject1.reqresProjectfrom_Postman.TC_1_getTheDataOPage_2" name="validateThePer_page" time="0.378"/>
  <testcase classname="com.ReqresProject1.reqresProjectfrom_Postman.TC_1_getTheDataOPage_2" name="validate_the_total" time="0.303"/>
  <testcase classname="com.ReqresProject1.reqresProjectfrom_Postman.TC_1_getTheDataOPage_2" name="VaidateThetotal_pages" time="0.259"/>
  <testcase classname="com.ReqresProject1.reqresProjectfrom_Postman.TC_1_getTheDataOPage_2" name="matchesTheValueOftotal_pages" time="0.222"/>
  <testcase classname="com.ReqresProject1.reqresProjectfrom_Postman.TC_1_getTheDataOPage_2" name="validate_the_1st_data_and_its_id" time="0.341"/>
</testsuite> <!-- Test -->
