<?xml version="1.0" encoding="UTF-8"?>
<!-- Generated by org.testng.reporters.JUnitXMLReporter -->
<testsuite ignored="10" hostname="WINDOWS-1Q1O6H7" failures="0" tests="1" name="Default test" time="6.049" errors="0" timestamp="2022-09-24T15:56:21 IST">
  <testcase classname="com.ReqresProject1.reqresProjectfrom_Postman.TC_1_getTheDataOPage_2" name="validate_the_1st_data_and_its_id" time="4.973"/>
  <testcase classname="com.ReqresProject1.reqresProjectfrom_Postman.TC_1_getTheDataOPage_2" name="validateThePer_page" time="0.0">
    <ignored/>
  </testcase> <!-- validateThePer_page -->
  <testcase classname="com.ReqresProject1.reqresProjectfrom_Postman.TC_1_getTheDataOPage_2" name="VaidateThetotal_pages" time="0.0">
    <ignored/>
  </testcase> <!-- VaidateThetotal_pages -->
  <testcase classname="com.ReqresProject1.reqresProjectfrom_Postman.TC_1_getTheDataOPage_2" name="getTheOneOfTheStatusCode" time="0.0">
    <ignored/>
  </testcase> <!-- getTheOneOfTheStatusCode -->
  <testcase classname="com.ReqresProject1.reqresProjectfrom_Postman.TC_1_getTheDataOPage_2" name="matchesTheValueOftotal_pages" time="0.0">
    <ignored/>
  </testcase> <!-- matchesTheValueOftotal_pages -->
  <testcase classname="com.ReqresProject1.reqresProjectfrom_Postman.TC_1_getTheDataOPage_2" name="validate_the_total" time="0.0">
    <ignored/>
  </testcase> <!-- validate_the_total -->
  <testcase classname="com.ReqresProject1.reqresProjectfrom_Postman.TC_1_getTheDataOPage_2" name="setTheParameter" time="0.0">
    <ignored/>
  </testcase> <!-- setTheParameter -->
  <testcase classname="com.ReqresProject1.reqresProjectfrom_Postman.TC_1_getTheDataOPage_2" name="getThetime_andThatShouldBelow2000" time="0.0">
    <ignored/>
  </testcase> <!-- getThetime_andThatShouldBelow2000 -->
  <testcase classname="com.ReqresProject1.reqresProjectfrom_Postman.TC_1_getTheDataOPage_2" name="Validate_the_Header" time="0.0">
    <ignored/>
  </testcase> <!-- Validate_the_Header -->
  <testcase classname="com.ReqresProject1.reqresProjectfrom_Postman.TC_1_getTheDataOPage_2" name="validateThePage2" time="0.0">
    <ignored/>
  </testcase> <!-- validateThePage2 -->
  <testcase classname="com.ReqresProject1.reqresProjectfrom_Postman.TC_1_getTheDataOPage_2" name="getTheStatusAndprintIt" time="0.0">
    <ignored/>
  </testcase> <!-- getTheStatusAndprintIt -->
</testsuite> <!-- Default test -->
