<?xml version="1.0" encoding="UTF-8"?>
<testng-results ignored="10" total="11" passed="1" failed="0" skipped="0">
  <reporter-output>
  </reporter-output>
  <suite started-at="2022-09-24T15:56:15 IST" name="Default suite" finished-at="2022-09-24T15:56:21 IST" duration-ms="6049">
    <groups>
    </groups>
    <test started-at="2022-09-24T15:56:15 IST" name="Default test" finished-at="2022-09-24T15:56:21 IST" duration-ms="6049">
      <class name="com.ReqresProject1.reqresProjectfrom_Postman.TC_1_getTheDataOPage_2">
        <test-method is-config="true" signature="setup()[pri:0, instance:com.ReqresProject1.reqresProjectfrom_Postman.TC_1_getTheDataOPage_2@7b9a4292]" started-at="2022-09-24T15:56:15 IST" name="setup" finished-at="2022-09-24T15:56:16 IST" duration-ms="954" status="PASS">
          <reporter-output>
          </reporter-output>
        </test-method> <!-- setup -->
        <test-method signature="validate_the_1st_data_and_its_id()[pri:11, instance:com.ReqresProject1.reqresProjectfrom_Postman.TC_1_getTheDataOPage_2@7b9a4292]" started-at="2022-09-24T15:56:16 IST" name="validate_the_1st_data_and_its_id" finished-at="2022-09-24T15:56:21 IST" duration-ms="4973" status="PASS">
          <reporter-output>
          </reporter-output>
        </test-method> <!-- validate_the_1st_data_and_its_id -->
      </class> <!-- com.ReqresProject1.reqresProjectfrom_Postman.TC_1_getTheDataOPage_2 -->
    </test> <!-- Default test -->
  </suite> <!-- Default suite -->
</testng-results>
